<?xml version="1.0" encoding="UTF-8"?>
<!-- Generated by org.testng.reporters.JUnitReportReporter -->
<testsuite hostname="RockstarAsif-MiNoteBookUltra" failures="0" tests="1" name="Myframework_Scratch.LogInPageTitleValidationTest" time="0.027" errors="0" timestamp="2022-06-18T13:59:24 IST" skipped="0">
  <testcase classname="Myframework_Scratch.LogInPageTitleValidationTest" name="validationOfTheWebPageTitle" time="0.027"/>
  <system-out/>
</testsuite> <!-- Myframework_Scratch.LogInPageTitleValidationTest -->
